<?xml version="1.0" encoding="UTF-8"?>
<testng-results ignored="0" total="1" passed="1" failed="0" skipped="0">
  <reporter-output>
  </reporter-output>
  <suite started-at="2020-02-23T22:32:56 IST" name="Default suite" finished-at="2020-02-23T22:32:56 IST" duration-ms="39">
    <groups>
    </groups>
    <test started-at="2020-02-23T22:32:56 IST" name="Default test" finished-at="2020-02-23T22:32:56 IST" duration-ms="39">
      <class name="test.NewTest">
        <test-method is-config="true" signature="beforeMethod()[pri:0, instance:test.NewTest@4313f5bc]" started-at="2020-02-23T22:32:56 IST" name="beforeMethod" finished-at="2020-02-23T22:32:56 IST" duration-ms="4" status="PASS">
          <reporter-output>
          </reporter-output>
        </test-method> <!-- beforeMethod -->
        <test-method signature="f()[pri:0, instance:test.NewTest@4313f5bc]" started-at="2020-02-23T22:32:56 IST" name="f" finished-at="2020-02-23T22:32:56 IST" duration-ms="4" status="PASS">
          <reporter-output>
          </reporter-output>
        </test-method> <!-- f -->
      </class> <!-- test.NewTest -->
    </test> <!-- Default test -->
  </suite> <!-- Default suite -->
</testng-results>
